<?xml version="1.0" encoding="UTF-8"?>
<testng-results skipped="0" failed="1" ignored="0" total="10" passed="9">
  <reporter-output>
    <line>
      <![CDATA[<div "result">I navigate to &quot;Sony Home&quot; page on URL &quot;https:&#x2F;&#x2F;www.sony.com&#x2F;&quot; (PASSED : 4s)</div>]]>
    </line>
    <line>
      <![CDATA[<div "result">I click on search in navigation bar (PASSED : 0s)</div>]]>
    </line>
    <line>
      <![CDATA[<div "result">I fill in search bar in navigation bar with &quot;phone&quot; (PASSED : 1s)</div>]]>
    </line>
    <line>
      <![CDATA[<div "result">I press enter (PASSED : 11s)</div>]]>
    </line>
    <line>
      <![CDATA[<div "result">I&#x27;m now on URL contains &quot;sony.com&#x2F;search?query=phone&quot; (PASSED : 1s)</div>]]>
    </line>
    <line>
      <![CDATA[<div "result">All results should be valid (PASSED : 4s)</div>]]>
    </line>
    <line>
      <![CDATA[<div "result">I navigate to &quot;Sony PlayStation&quot; page on URL &quot;https:&#x2F;&#x2F;www.sony.com&#x2F;electronics&#x2F;playstation&quot; (PASSED : 3s)</div>]]>
    </line>
    <line>
      <![CDATA[<div "result">I click on search in navigation bar (PASSED : 0s)</div>]]>
    </line>
    <line>
      <![CDATA[<div "result">I fill in search bar in navigation bar with &quot;joystick&quot; (PASSED : 0s)</div>]]>
    </line>
    <line>
      <![CDATA[<div "result">I press enter (PASSED : 2s)</div>]]>
    </line>
    <line>
      <![CDATA[<div "result">I&#x27;m now on URL contains &quot;sony.com&#x2F;search?query=joystick&quot; (PASSED : 1s)</div>]]>
    </line>
    <line>
      <![CDATA[<div "result">All results should be valid (PASSED : 7s)</div>]]>
    </line>
    <line>
      <![CDATA[<div "result">I navigate to &quot;Sony Support&quot; page on URL &quot;https:&#x2F;&#x2F;esupport.sony.com&#x2F;&quot; (PASSED : 3s)</div>]]>
    </line>
    <line>
      <![CDATA[<div "result">I click on search in navigation bar (PASSED : 0s)</div>]]>
    </line>
    <line>
      <![CDATA[<div "result">I fill in search bar in navigation bar with &quot;help&quot; (PASSED : 0s)</div>]]>
    </line>
    <line>
      <![CDATA[<div "result">I press enter (PASSED : 2s)</div>]]>
    </line>
    <line>
      <![CDATA[<div "result">I&#x27;m now on URL contains &quot;sony.com&#x2F;search?query=help&quot; (PASSED : 1s)</div>]]>
    </line>
    <line>
      <![CDATA[<div "result">All results should be valid (PASSED : 4s)</div>]]>
    </line>
    <line>
      <![CDATA[<div "result">I navigate to &quot;Sony Community&quot; page on URL &quot;https:&#x2F;&#x2F;community.sony.com&#x2F;&quot; (PASSED : 4s)</div>]]>
    </line>
    <line>
      <![CDATA[<div "result">I click on search in navigation bar (PASSED : 0s)</div>]]>
    </line>
    <line>
      <![CDATA[<div "result">I fill in search bar in navigation bar with &quot;bravia&quot; (PASSED : 0s)</div>]]>
    </line>
    <line>
      <![CDATA[<div "result">I press enter (PASSED : 4s)</div>]]>
    </line>
    <line>
      <![CDATA[<div "result">I&#x27;m now on URL contains &quot;sony.com&#x2F;search?query=bravia&quot; (PASSED : 1s)</div>]]>
    </line>
    <line>
      <![CDATA[<div "result">All results should be valid (PASSED : 8s)</div>]]>
    </line>
    <line>
      <![CDATA[<div "result">I navigate to &quot;Sony Search&quot; page on URL &quot;https:&#x2F;&#x2F;www.sony.com&#x2F;search?query=&quot; (PASSED : 2s)</div>]]>
    </line>
    <line>
      <![CDATA[<div "result">I should see &quot;Search Results | Sony US&quot; title (PASSED : 0s)</div>]]>
    </line>
    <line>
      <![CDATA[<div "result">I should see &quot;Search&quot; button (PASSED : 0s)</div>]]>
    </line>
    <line>
      <![CDATA[<div "result">I fill in search with &quot;television&quot; (PASSED : 0s)</div>]]>
    </line>
    <line>
      <![CDATA[<div "result">I click &quot;Search&quot; button (PASSED : 5s)</div>]]>
    </line>
    <line>
      <![CDATA[<div "result">I should see results more than zero (PASSED : 0s)</div>]]>
    </line>
    <line>
      <![CDATA[<div "result">All results should be valid (PASSED : 2s)</div>]]>
    </line>
    <line>
      <![CDATA[<div "result">I navigate to &quot;Sony Search&quot; page on URL &quot;https:&#x2F;&#x2F;www.sony.com&#x2F;search?query=&quot; (PASSED : 2s)</div>]]>
    </line>
    <line>
      <![CDATA[<div "result">I should see &quot;Search Results | Sony US&quot; title (PASSED : 0s)</div>]]>
    </line>
    <line>
      <![CDATA[<div "result">I should see &quot;Search&quot; button (PASSED : 0s)</div>]]>
    </line>
    <line>
      <![CDATA[<div "result">I fill in search with &quot;asdfghjkl&quot; (PASSED : 0s)</div>]]>
    </line>
    <line>
      <![CDATA[<div "result">I click &quot;Search&quot; button (PASSED : 4s)</div>]]>
    </line>
    <line>
      <![CDATA[<div "result">I should see &quot;Your search for &quot;asdfghjkl&quot; returned 0 results&quot; zero message (PASSED : 0s)</div>]]>
    </line>
    <line>
      <![CDATA[<div "result">I navigate to &quot;Sony Search&quot; page on URL &quot;https:&#x2F;&#x2F;www.sony.com&#x2F;search?query=&quot; (PASSED : 2s)</div>]]>
    </line>
    <line>
      <![CDATA[<div "result">I should see &quot;Search Results | Sony US&quot; title (PASSED : 0s)</div>]]>
    </line>
    <line>
      <![CDATA[<div "result">I should see &quot;Search&quot; button (PASSED : 0s)</div>]]>
    </line>
    <line>
      <![CDATA[<div "result">I fill in search with &quot;mobile phone&quot; (PASSED : 0s)</div>]]>
    </line>
    <line>
      <![CDATA[<div "result">I click &quot;Search&quot; button (PASSED : 3s)</div>]]>
    </line>
    <line>
      <![CDATA[<div "result">I should see &quot;Load More&quot; button (PASSED : 0s)</div>]]>
    </line>
    <line>
      <![CDATA[<div "result">I click &quot;Load More&quot; button (PASSED : 0s)</div>]]>
    </line>
    <line>
      <![CDATA[<div "result">Results count shown in current page should be increased (PASSED : 0s)</div>]]>
    </line>
    <line>
      <![CDATA[<div "result">I navigate to &quot;Sony Search&quot; page on URL &quot;https:&#x2F;&#x2F;www.sony.com&#x2F;search?query=&quot; (PASSED : 1s)</div>]]>
    </line>
    <line>
      <![CDATA[<div "result">I should see &quot;Search Results | Sony US&quot; title (PASSED : 0s)</div>]]>
    </line>
    <line>
      <![CDATA[<div "result">I should see &quot;Search&quot; button (PASSED : 0s)</div>]]>
    </line>
    <line>
      <![CDATA[<div "result">I fill in search with &quot;headphone&quot; (PASSED : 0s)</div>]]>
    </line>
    <line>
      <![CDATA[<div "result">I click &quot;Search&quot; button (PASSED : 4s)</div>]]>
    </line>
    <line>
      <![CDATA[<div "result">All filters should be valid (PASSED : 18s)</div>]]>
    </line>
    <line>
      <![CDATA[<div "result">I should see filters working properly by clicking on them (FAILED : 21s)</div>]]>
    </line>
    <line>
      <![CDATA[<div "result">I navigate to &quot;Sony Search&quot; page on URL &quot;https:&#x2F;&#x2F;www.sony.com&#x2F;search?query=&quot; (PASSED : 2s)</div>]]>
    </line>
    <line>
      <![CDATA[<div "result">I should see &quot;Search Results | Sony US&quot; title (PASSED : 0s)</div>]]>
    </line>
    <line>
      <![CDATA[<div "result">I should see &quot;Search&quot; button (PASSED : 0s)</div>]]>
    </line>
    <line>
      <![CDATA[<div "result">I fill in search with &quot;mobile phone&quot; (PASSED : 0s)</div>]]>
    </line>
    <line>
      <![CDATA[<div "result">I perform search by &quot;CLICK_SEARCH&quot; (PASSED : 2s)</div>]]>
    </line>
    <line>
      <![CDATA[<div "result">I should see results more than zero (PASSED : 0s)</div>]]>
    </line>
    <line>
      <![CDATA[<div "result">I navigate to &quot;Sony Search&quot; page on URL &quot;https:&#x2F;&#x2F;www.sony.com&#x2F;search?query=&quot; (PASSED : 2s)</div>]]>
    </line>
    <line>
      <![CDATA[<div "result">I should see &quot;Search Results | Sony US&quot; title (PASSED : 0s)</div>]]>
    </line>
    <line>
      <![CDATA[<div "result">I should see &quot;Search&quot; button (PASSED : 0s)</div>]]>
    </line>
    <line>
      <![CDATA[<div "result">I fill in search with &quot;mobile phone&quot; (PASSED : 0s)</div>]]>
    </line>
    <line>
      <![CDATA[<div "result">I perform search by &quot;PRESS_ENTER&quot; (PASSED : 1s)</div>]]>
    </line>
    <line>
      <![CDATA[<div "result">I should see results more than zero (PASSED : 0s)</div>]]>
    </line>
  </reporter-output>
  <suite name="BDD Test Suite" duration-ms="162168" started-at="2018-02-28T10:42:08Z" finished-at="2018-02-28T10:44:50Z">
    <groups>
      <group name="cucumber">
        <method signature="AbstractTestNGCucumberTests.runScenario(cucumber.api.testng.PickleEventWrapper, cucumber.api.testng.CucumberFeatureWrapper)[pri:0, instance:com.sony.test.runner.TestRunner@5700d6b1]" name="runScenario" class="cucumber.api.testng.AbstractTestNGCucumberTests"/>
      </group> <!-- cucumber -->
    </groups>
    <test name="Search Test" duration-ms="162168" started-at="2018-02-28T10:42:08Z" finished-at="2018-02-28T10:44:50Z">
      <class name="com.sony.test.runner.TestRunner">
        <test-method status="PASS" signature="setUpClass()[pri:0, instance:com.sony.test.runner.TestRunner@5700d6b1]" name="setUpClass" is-config="true" duration-ms="422" started-at="2018-02-28T13:42:08Z" finished-at="2018-02-28T13:42:09Z">
          <reporter-output>
          </reporter-output>
        </test-method> <!-- setUpClass -->
        <test-method status="PASS" signature="initializeTest()[pri:0, instance:com.sony.test.runner.TestRunner@5700d6b1]" name="initializeTest" is-config="true" duration-ms="6019" started-at="2018-02-28T13:42:09Z" finished-at="2018-02-28T13:42:15Z">
          <reporter-output>
          </reporter-output>
        </test-method> <!-- initializeTest -->
        <test-method status="PASS" signature="runScenario(cucumber.api.testng.PickleEventWrapper, cucumber.api.testng.CucumberFeatureWrapper)[pri:0, instance:com.sony.test.runner.TestRunner@5700d6b1]" name="runScenario" duration-ms="23014" started-at="2018-02-28T13:42:15Z" description="Runs Cucumber Scenarios" data-provider="scenarios" finished-at="2018-02-28T13:42:38Z">
          <params>
            <param index="0">
              <value>
                <![CDATA["Successful search on different pages"]]>
              </value>
            </param>
            <param index="1">
              <value>
                <![CDATA["Search Functionality in Navigation Bar Search"]]>
              </value>
            </param>
          </params>
          <reporter-output>
            <line>
              <![CDATA[<div "result">I navigate to &quot;Sony Home&quot; page on URL &quot;https:&#x2F;&#x2F;www.sony.com&#x2F;&quot; (PASSED : 4s)</div>]]>
            </line>
            <line>
              <![CDATA[<div "result">I click on search in navigation bar (PASSED : 0s)</div>]]>
            </line>
            <line>
              <![CDATA[<div "result">I fill in search bar in navigation bar with &quot;phone&quot; (PASSED : 1s)</div>]]>
            </line>
            <line>
              <![CDATA[<div "result">I press enter (PASSED : 11s)</div>]]>
            </line>
            <line>
              <![CDATA[<div "result">I&#x27;m now on URL contains &quot;sony.com&#x2F;search?query=phone&quot; (PASSED : 1s)</div>]]>
            </line>
            <line>
              <![CDATA[<div "result">All results should be valid (PASSED : 4s)</div>]]>
            </line>
          </reporter-output>
        </test-method> <!-- runScenario -->
        <test-method status="PASS" signature="runScenario(cucumber.api.testng.PickleEventWrapper, cucumber.api.testng.CucumberFeatureWrapper)[pri:0, instance:com.sony.test.runner.TestRunner@5700d6b1]" name="runScenario" duration-ms="14898" started-at="2018-02-28T13:42:38Z" description="Runs Cucumber Scenarios" data-provider="scenarios" finished-at="2018-02-28T13:42:53Z">
          <params>
            <param index="0">
              <value>
                <![CDATA["Successful search on different pages"]]>
              </value>
            </param>
            <param index="1">
              <value>
                <![CDATA["Search Functionality in Navigation Bar Search"]]>
              </value>
            </param>
          </params>
          <reporter-output>
            <line>
              <![CDATA[<div "result">I navigate to &quot;Sony PlayStation&quot; page on URL &quot;https:&#x2F;&#x2F;www.sony.com&#x2F;electronics&#x2F;playstation&quot; (PASSED : 3s)</div>]]>
            </line>
            <line>
              <![CDATA[<div "result">I click on search in navigation bar (PASSED : 0s)</div>]]>
            </line>
            <line>
              <![CDATA[<div "result">I fill in search bar in navigation bar with &quot;joystick&quot; (PASSED : 0s)</div>]]>
            </line>
            <line>
              <![CDATA[<div "result">I press enter (PASSED : 2s)</div>]]>
            </line>
            <line>
              <![CDATA[<div "result">I&#x27;m now on URL contains &quot;sony.com&#x2F;search?query=joystick&quot; (PASSED : 1s)</div>]]>
            </line>
            <line>
              <![CDATA[<div "result">All results should be valid (PASSED : 7s)</div>]]>
            </line>
          </reporter-output>
        </test-method> <!-- runScenario -->
        <test-method status="PASS" signature="runScenario(cucumber.api.testng.PickleEventWrapper, cucumber.api.testng.CucumberFeatureWrapper)[pri:0, instance:com.sony.test.runner.TestRunner@5700d6b1]" name="runScenario" duration-ms="12854" started-at="2018-02-28T13:42:53Z" description="Runs Cucumber Scenarios" data-provider="scenarios" finished-at="2018-02-28T13:43:06Z">
          <params>
            <param index="0">
              <value>
                <![CDATA["Successful search on different pages"]]>
              </value>
            </param>
            <param index="1">
              <value>
                <![CDATA["Search Functionality in Navigation Bar Search"]]>
              </value>
            </param>
          </params>
          <reporter-output>
            <line>
              <![CDATA[<div "result">I navigate to &quot;Sony Support&quot; page on URL &quot;https:&#x2F;&#x2F;esupport.sony.com&#x2F;&quot; (PASSED : 3s)</div>]]>
            </line>
            <line>
              <![CDATA[<div "result">I click on search in navigation bar (PASSED : 0s)</div>]]>
            </line>
            <line>
              <![CDATA[<div "result">I fill in search bar in navigation bar with &quot;help&quot; (PASSED : 0s)</div>]]>
            </line>
            <line>
              <![CDATA[<div "result">I press enter (PASSED : 2s)</div>]]>
            </line>
            <line>
              <![CDATA[<div "result">I&#x27;m now on URL contains &quot;sony.com&#x2F;search?query=help&quot; (PASSED : 1s)</div>]]>
            </line>
            <line>
              <![CDATA[<div "result">All results should be valid (PASSED : 4s)</div>]]>
            </line>
          </reporter-output>
        </test-method> <!-- runScenario -->
        <test-method status="PASS" signature="runScenario(cucumber.api.testng.PickleEventWrapper, cucumber.api.testng.CucumberFeatureWrapper)[pri:0, instance:com.sony.test.runner.TestRunner@5700d6b1]" name="runScenario" duration-ms="18991" started-at="2018-02-28T13:43:06Z" description="Runs Cucumber Scenarios" data-provider="scenarios" finished-at="2018-02-28T13:43:25Z">
          <params>
            <param index="0">
              <value>
                <![CDATA["Successful search on different pages"]]>
              </value>
            </param>
            <param index="1">
              <value>
                <![CDATA["Search Functionality in Navigation Bar Search"]]>
              </value>
            </param>
          </params>
          <reporter-output>
            <line>
              <![CDATA[<div "result">I navigate to &quot;Sony Community&quot; page on URL &quot;https:&#x2F;&#x2F;community.sony.com&#x2F;&quot; (PASSED : 4s)</div>]]>
            </line>
            <line>
              <![CDATA[<div "result">I click on search in navigation bar (PASSED : 0s)</div>]]>
            </line>
            <line>
              <![CDATA[<div "result">I fill in search bar in navigation bar with &quot;bravia&quot; (PASSED : 0s)</div>]]>
            </line>
            <line>
              <![CDATA[<div "result">I press enter (PASSED : 4s)</div>]]>
            </line>
            <line>
              <![CDATA[<div "result">I&#x27;m now on URL contains &quot;sony.com&#x2F;search?query=bravia&quot; (PASSED : 1s)</div>]]>
            </line>
            <line>
              <![CDATA[<div "result">All results should be valid (PASSED : 8s)</div>]]>
            </line>
          </reporter-output>
        </test-method> <!-- runScenario -->
        <test-method status="PASS" signature="runScenario(cucumber.api.testng.PickleEventWrapper, cucumber.api.testng.CucumberFeatureWrapper)[pri:0, instance:com.sony.test.runner.TestRunner@5700d6b1]" name="runScenario" duration-ms="12494" started-at="2018-02-28T13:43:25Z" description="Runs Cucumber Scenarios" data-provider="scenarios" finished-at="2018-02-28T13:43:37Z">
          <params>
            <param index="0">
              <value>
                <![CDATA["Search with a valid search term"]]>
              </value>
            </param>
            <param index="1">
              <value>
                <![CDATA["Search Functionality in Search Result Page"]]>
              </value>
            </param>
          </params>
          <reporter-output>
            <line>
              <![CDATA[<div "result">I navigate to &quot;Sony Search&quot; page on URL &quot;https:&#x2F;&#x2F;www.sony.com&#x2F;search?query=&quot; (PASSED : 2s)</div>]]>
            </line>
            <line>
              <![CDATA[<div "result">I should see &quot;Search Results | Sony US&quot; title (PASSED : 0s)</div>]]>
            </line>
            <line>
              <![CDATA[<div "result">I should see &quot;Search&quot; button (PASSED : 0s)</div>]]>
            </line>
            <line>
              <![CDATA[<div "result">I fill in search with &quot;television&quot; (PASSED : 0s)</div>]]>
            </line>
            <line>
              <![CDATA[<div "result">I click &quot;Search&quot; button (PASSED : 5s)</div>]]>
            </line>
            <line>
              <![CDATA[<div "result">I should see results more than zero (PASSED : 0s)</div>]]>
            </line>
            <line>
              <![CDATA[<div "result">All results should be valid (PASSED : 2s)</div>]]>
            </line>
          </reporter-output>
        </test-method> <!-- runScenario -->
        <test-method status="PASS" signature="runScenario(cucumber.api.testng.PickleEventWrapper, cucumber.api.testng.CucumberFeatureWrapper)[pri:0, instance:com.sony.test.runner.TestRunner@5700d6b1]" name="runScenario" duration-ms="8174" started-at="2018-02-28T13:43:37Z" description="Runs Cucumber Scenarios" data-provider="scenarios" finished-at="2018-02-28T13:43:45Z">
          <params>
            <param index="0">
              <value>
                <![CDATA["Meaningless search term with zero result"]]>
              </value>
            </param>
            <param index="1">
              <value>
                <![CDATA["Search Functionality in Search Result Page"]]>
              </value>
            </param>
          </params>
          <reporter-output>
            <line>
              <![CDATA[<div "result">I navigate to &quot;Sony Search&quot; page on URL &quot;https:&#x2F;&#x2F;www.sony.com&#x2F;search?query=&quot; (PASSED : 2s)</div>]]>
            </line>
            <line>
              <![CDATA[<div "result">I should see &quot;Search Results | Sony US&quot; title (PASSED : 0s)</div>]]>
            </line>
            <line>
              <![CDATA[<div "result">I should see &quot;Search&quot; button (PASSED : 0s)</div>]]>
            </line>
            <line>
              <![CDATA[<div "result">I fill in search with &quot;asdfghjkl&quot; (PASSED : 0s)</div>]]>
            </line>
            <line>
              <![CDATA[<div "result">I click &quot;Search&quot; button (PASSED : 4s)</div>]]>
            </line>
            <line>
              <![CDATA[<div "result">I should see &quot;Your search for &quot;asdfghjkl&quot; returned 0 results&quot; zero message (PASSED : 0s)</div>]]>
            </line>
          </reporter-output>
        </test-method> <!-- runScenario -->
        <test-method status="PASS" signature="runScenario(cucumber.api.testng.PickleEventWrapper, cucumber.api.testng.CucumberFeatureWrapper)[pri:0, instance:com.sony.test.runner.TestRunner@5700d6b1]" name="runScenario" duration-ms="7036" started-at="2018-02-28T13:43:45Z" description="Runs Cucumber Scenarios" data-provider="scenarios" finished-at="2018-02-28T13:43:52Z">
          <params>
            <param index="0">
              <value>
                <![CDATA["Load More Results"]]>
              </value>
            </param>
            <param index="1">
              <value>
                <![CDATA["Search Functionality in Search Result Page"]]>
              </value>
            </param>
          </params>
          <reporter-output>
            <line>
              <![CDATA[<div "result">I navigate to &quot;Sony Search&quot; page on URL &quot;https:&#x2F;&#x2F;www.sony.com&#x2F;search?query=&quot; (PASSED : 2s)</div>]]>
            </line>
            <line>
              <![CDATA[<div "result">I should see &quot;Search Results | Sony US&quot; title (PASSED : 0s)</div>]]>
            </line>
            <line>
              <![CDATA[<div "result">I should see &quot;Search&quot; button (PASSED : 0s)</div>]]>
            </line>
            <line>
              <![CDATA[<div "result">I fill in search with &quot;mobile phone&quot; (PASSED : 0s)</div>]]>
            </line>
            <line>
              <![CDATA[<div "result">I click &quot;Search&quot; button (PASSED : 3s)</div>]]>
            </line>
            <line>
              <![CDATA[<div "result">I should see &quot;Load More&quot; button (PASSED : 0s)</div>]]>
            </line>
            <line>
              <![CDATA[<div "result">I click &quot;Load More&quot; button (PASSED : 0s)</div>]]>
            </line>
            <line>
              <![CDATA[<div "result">Results count shown in current page should be increased (PASSED : 0s)</div>]]>
            </line>
          </reporter-output>
        </test-method> <!-- runScenario -->
        <test-method status="FAIL" signature="runScenario(cucumber.api.testng.PickleEventWrapper, cucumber.api.testng.CucumberFeatureWrapper)[pri:0, instance:com.sony.test.runner.TestRunner@5700d6b1]" name="runScenario" duration-ms="46191" started-at="2018-02-28T13:43:52Z" description="Runs Cucumber Scenarios" data-provider="scenarios" finished-at="2018-02-28T13:44:38Z">
          <params>
            <param index="0">
              <value>
                <![CDATA["Filtering the results"]]>
              </value>
            </param>
            <param index="1">
              <value>
                <![CDATA["Search Functionality in Search Result Page"]]>
              </value>
            </param>
          </params>
          <exception class="org.openqa.selenium.WebDriverException">
            <message>
              <![CDATA[unknown error: Element <span class="label label-close fi fonticon-10-circle-x--after">...</span> is not clickable at point (1141, 304). Other element would receive the click: <div class="acsModalBackdrop acsAbandonButton" data-isbackdrop="true">...</div>
  (Session info: chrome=64.0.3282.186)
  (Driver info: chromedriver=2.35.528161 (5b82f2d2aae0ca24b877009200ced9065a772e73),platform=Windows NT 6.3.9600 x86_64) (WARNING: The server did not provide any stacktrace information)
Command duration or timeout: 0 milliseconds
Build info: version: '3.9.1', revision: '63f7b50', time: '2018-02-07T22:25:02.294Z'
System info: host: 'LEOPAR', ip: '192.168.1.246', os.name: 'Windows Server 2012 R2', os.arch: 'amd64', os.version: '6.3', java.version: '1.8.0_141'
Driver info: org.openqa.selenium.chrome.ChromeDriver
Capabilities {acceptInsecureCerts: false, acceptSslCerts: false, applicationCacheEnabled: false, browserConnectionEnabled: false, browserName: chrome, chrome: {chromedriverVersion: 2.35.528161 (5b82f2d2aae0ca..., userDataDir: C:\Users\JMETER\AppData\Loc...}, cssSelectorsEnabled: true, databaseEnabled: false, handlesAlerts: true, hasTouchScreen: false, javascriptEnabled: true, locationContextEnabled: true, mobileEmulationEnabled: false, nativeEvents: true, networkConnectionEnabled: false, pageLoadStrategy: normal, platform: XP, platformName: XP, rotatable: false, setWindowRect: true, takesHeapSnapshot: true, takesScreenshot: true, unexpectedAlertBehaviour: , unhandledPromptBehavior: , version: 64.0.3282.186, webStorageEnabled: true}
Session ID: ae4a1167311873e3427f2414ec767089]]>
            </message>
            <full-stacktrace>
              <![CDATA[org.openqa.selenium.WebDriverException: unknown error: Element <span class="label label-close fi fonticon-10-circle-x--after">...</span> is not clickable at point (1141, 304). Other element would receive the click: <div class="acsModalBackdrop acsAbandonButton" data-isbackdrop="true">...</div>
  (Session info: chrome=64.0.3282.186)
  (Driver info: chromedriver=2.35.528161 (5b82f2d2aae0ca24b877009200ced9065a772e73),platform=Windows NT 6.3.9600 x86_64) (WARNING: The server did not provide any stacktrace information)
Command duration or timeout: 0 milliseconds
Build info: version: '3.9.1', revision: '63f7b50', time: '2018-02-07T22:25:02.294Z'
System info: host: 'LEOPAR', ip: '192.168.1.246', os.name: 'Windows Server 2012 R2', os.arch: 'amd64', os.version: '6.3', java.version: '1.8.0_141'
Driver info: org.openqa.selenium.chrome.ChromeDriver
Capabilities {acceptInsecureCerts: false, acceptSslCerts: false, applicationCacheEnabled: false, browserConnectionEnabled: false, browserName: chrome, chrome: {chromedriverVersion: 2.35.528161 (5b82f2d2aae0ca..., userDataDir: C:\Users\JMETER\AppData\Loc...}, cssSelectorsEnabled: true, databaseEnabled: false, handlesAlerts: true, hasTouchScreen: false, javascriptEnabled: true, locationContextEnabled: true, mobileEmulationEnabled: false, nativeEvents: true, networkConnectionEnabled: false, pageLoadStrategy: normal, platform: XP, platformName: XP, rotatable: false, setWindowRect: true, takesHeapSnapshot: true, takesScreenshot: true, unexpectedAlertBehaviour: , unhandledPromptBehavior: , version: 64.0.3282.186, webStorageEnabled: true}
Session ID: ae4a1167311873e3427f2414ec767089
	at sun.reflect.NativeConstructorAccessorImpl.newInstance0(Native Method)
	at sun.reflect.NativeConstructorAccessorImpl.newInstance(Unknown Source)
	at sun.reflect.DelegatingConstructorAccessorImpl.newInstance(Unknown Source)
	at java.lang.reflect.Constructor.newInstance(Unknown Source)
	at org.openqa.selenium.remote.ErrorHandler.createThrowable(ErrorHandler.java:214)
	at org.openqa.selenium.remote.ErrorHandler.throwIfResponseFailed(ErrorHandler.java:166)
	at org.openqa.selenium.remote.http.JsonHttpResponseCodec.reconstructValue(JsonHttpResponseCodec.java:40)
	at org.openqa.selenium.remote.http.AbstractHttpResponseCodec.decode(AbstractHttpResponseCodec.java:80)
	at org.openqa.selenium.remote.http.AbstractHttpResponseCodec.decode(AbstractHttpResponseCodec.java:44)
	at org.openqa.selenium.remote.HttpCommandExecutor.execute(HttpCommandExecutor.java:160)
	at org.openqa.selenium.remote.service.DriverCommandExecutor.execute(DriverCommandExecutor.java:83)
	at org.openqa.selenium.remote.RemoteWebDriver.execute(RemoteWebDriver.java:601)
	at org.openqa.selenium.remote.RemoteWebElement.execute(RemoteWebElement.java:279)
	at org.openqa.selenium.remote.RemoteWebElement.click(RemoteWebElement.java:83)
	at sun.reflect.NativeMethodAccessorImpl.invoke0(Native Method)
	at sun.reflect.NativeMethodAccessorImpl.invoke(Unknown Source)
	at sun.reflect.DelegatingMethodAccessorImpl.invoke(Unknown Source)
	at java.lang.reflect.Method.invoke(Unknown Source)
	at org.openqa.selenium.support.pagefactory.internal.LocatingElementHandler.invoke(LocatingElementHandler.java:51)
	at com.sun.proxy.$Proxy16.click(Unknown Source)
	at com.sony.framework.page.actions.ActionsCommon.click(ActionsCommon.java:18)
	at com.sony.framework.page.actions.SearchResultPageActions.narrowDown(SearchResultPageActions.java:67)
	at com.sony.test.stepDefinitions.SearchResultPageSteps.i_click_filters(SearchResultPageSteps.java:66)
	at âœ½.I should see filters working properly by clicking on them(src/test/resources/features/SearchResultPageSearch.feature:35)
]]>
            </full-stacktrace>
          </exception> <!-- org.openqa.selenium.WebDriverException -->
          <reporter-output>
            <line>
              <![CDATA[<div "result">I navigate to &quot;Sony Search&quot; page on URL &quot;https:&#x2F;&#x2F;www.sony.com&#x2F;search?query=&quot; (PASSED : 1s)</div>]]>
            </line>
            <line>
              <![CDATA[<div "result">I should see &quot;Search Results | Sony US&quot; title (PASSED : 0s)</div>]]>
            </line>
            <line>
              <![CDATA[<div "result">I should see &quot;Search&quot; button (PASSED : 0s)</div>]]>
            </line>
            <line>
              <![CDATA[<div "result">I fill in search with &quot;headphone&quot; (PASSED : 0s)</div>]]>
            </line>
            <line>
              <![CDATA[<div "result">I click &quot;Search&quot; button (PASSED : 4s)</div>]]>
            </line>
            <line>
              <![CDATA[<div "result">All filters should be valid (PASSED : 18s)</div>]]>
            </line>
            <line>
              <![CDATA[<div "result">I should see filters working properly by clicking on them (FAILED : 21s)</div>]]>
            </line>
          </reporter-output>
        </test-method> <!-- runScenario -->
        <test-method status="PASS" signature="runScenario(cucumber.api.testng.PickleEventWrapper, cucumber.api.testng.CucumberFeatureWrapper)[pri:0, instance:com.sony.test.runner.TestRunner@5700d6b1]" name="runScenario" duration-ms="6609" started-at="2018-02-28T13:44:38Z" description="Runs Cucumber Scenarios" data-provider="scenarios" finished-at="2018-02-28T13:44:45Z">
          <params>
            <param index="0">
              <value>
                <![CDATA["Search in search page by two different actions"]]>
              </value>
            </param>
            <param index="1">
              <value>
                <![CDATA["Search Functionality in Search Result Page"]]>
              </value>
            </param>
          </params>
          <reporter-output>
            <line>
              <![CDATA[<div "result">I navigate to &quot;Sony Search&quot; page on URL &quot;https:&#x2F;&#x2F;www.sony.com&#x2F;search?query=&quot; (PASSED : 2s)</div>]]>
            </line>
            <line>
              <![CDATA[<div "result">I should see &quot;Search Results | Sony US&quot; title (PASSED : 0s)</div>]]>
            </line>
            <line>
              <![CDATA[<div "result">I should see &quot;Search&quot; button (PASSED : 0s)</div>]]>
            </line>
            <line>
              <![CDATA[<div "result">I fill in search with &quot;mobile phone&quot; (PASSED : 0s)</div>]]>
            </line>
            <line>
              <![CDATA[<div "result">I perform search by &quot;CLICK_SEARCH&quot; (PASSED : 2s)</div>]]>
            </line>
            <line>
              <![CDATA[<div "result">I should see results more than zero (PASSED : 0s)</div>]]>
            </line>
          </reporter-output>
        </test-method> <!-- runScenario -->
        <test-method status="PASS" signature="runScenario(cucumber.api.testng.PickleEventWrapper, cucumber.api.testng.CucumberFeatureWrapper)[pri:0, instance:com.sony.test.runner.TestRunner@5700d6b1]" name="runScenario" duration-ms="4586" started-at="2018-02-28T13:44:45Z" description="Runs Cucumber Scenarios" data-provider="scenarios" finished-at="2018-02-28T13:44:50Z">
          <params>
            <param index="0">
              <value>
                <![CDATA["Search in search page by two different actions"]]>
              </value>
            </param>
            <param index="1">
              <value>
                <![CDATA["Search Functionality in Search Result Page"]]>
              </value>
            </param>
          </params>
          <reporter-output>
            <line>
              <![CDATA[<div "result">I navigate to &quot;Sony Search&quot; page on URL &quot;https:&#x2F;&#x2F;www.sony.com&#x2F;search?query=&quot; (PASSED : 2s)</div>]]>
            </line>
            <line>
              <![CDATA[<div "result">I should see &quot;Search Results | Sony US&quot; title (PASSED : 0s)</div>]]>
            </line>
            <line>
              <![CDATA[<div "result">I should see &quot;Search&quot; button (PASSED : 0s)</div>]]>
            </line>
            <line>
              <![CDATA[<div "result">I fill in search with &quot;mobile phone&quot; (PASSED : 0s)</div>]]>
            </line>
            <line>
              <![CDATA[<div "result">I perform search by &quot;PRESS_ENTER&quot; (PASSED : 1s)</div>]]>
            </line>
            <line>
              <![CDATA[<div "result">I should see results more than zero (PASSED : 0s)</div>]]>
            </line>
          </reporter-output>
        </test-method> <!-- runScenario -->
        <test-method status="PASS" signature="cleanUp()[pri:0, instance:com.sony.test.runner.TestRunner@5700d6b1]" name="cleanUp" is-config="true" duration-ms="709" started-at="2018-02-28T13:44:50Z" finished-at="2018-02-28T13:44:50Z">
          <reporter-output>
          </reporter-output>
        </test-method> <!-- cleanUp -->
        <test-method status="PASS" signature="tearDownClass()[pri:0, instance:com.sony.test.runner.TestRunner@5700d6b1]" name="tearDownClass" is-config="true" duration-ms="0" started-at="2018-02-28T13:44:50Z" finished-at="2018-02-28T13:44:50Z">
          <reporter-output>
          </reporter-output>
        </test-method> <!-- tearDownClass -->
      </class> <!-- com.sony.test.runner.TestRunner -->
    </test> <!-- Search Test -->
  </suite> <!-- BDD Test Suite -->
</testng-results>
