<?xml version="1.0" encoding="UTF-8"?>
<testng-results skipped="0" failed="0" total="2" passed="2">
  <reporter-output>
    <line>
      <![CDATA[<div "result">I navigate to &quot;Sony Home&quot; page on URL &quot;https:&#x2F;&#x2F;www.sony.com&#x2F;&quot; (PASSED : 4s)</div>]]>
    </line>
    <line>
      <![CDATA[<div "result">I should see &quot;Sony USA - Electronics, PlayStation, Movies, Music, Product Support&quot; title (PASSED : 0s)</div>]]>
    </line>
    <line>
      <![CDATA[<div "result">I click on searchBar (PASSED : 0s)</div>]]>
    </line>
    <line>
      <![CDATA[<div "result">I fill in searchBar with &quot;new&quot; (PASSED : 0s)</div>]]>
    </line>
    <line>
      <![CDATA[<div "result">I press &quot;RETURN&quot; key (PASSED : 2s)</div>]]>
    </line>
    <line>
      <![CDATA[<div "result">I should see &quot;Results&quot; message (PASSED : 0s)</div>]]>
    </line>
    <line>
      <![CDATA[<div "result">I navigate to &quot;Sony Home&quot; page on URL &quot;https:&#x2F;&#x2F;www.sony.com&#x2F;&quot; (PASSED : 1s)</div>]]>
    </line>
    <line>
      <![CDATA[<div "result">I should see &quot;Sony USA - Electronics, PlayStation, Movies, Music, Product Support&quot; title (PASSED : 0s)</div>]]>
    </line>
    <line>
      <![CDATA[<div "result">I click on searchBar (PASSED : 0s)</div>]]>
    </line>
    <line>
      <![CDATA[<div "result">I fill in searchBar with &quot;mobile phone&quot; (PASSED : 0s)</div>]]>
    </line>
    <line>
      <![CDATA[<div "result">I press &quot;RETURN&quot; key (PASSED : 1s)</div>]]>
    </line>
    <line>
      <![CDATA[<div "result">I should see &quot;Results&quot; message (PASSED : 0s)</div>]]>
    </line>
  </reporter-output>
  <suite name="BDD Test Suite" duration-ms="20857" started-at="2018-02-19T20:48:33Z" finished-at="2018-02-19T20:48:53Z">
    <groups>
      <group name="cucumber">
        <method signature="AbstractTestNGCucumberTests.runScenario(cucumber.api.testng.PickleEventWrapper, cucumber.api.testng.CucumberFeatureWrapper)[pri:0, instance:testRunner.AcceptanceTestRunner@7159139f]" name="runScenario" class="cucumber.api.testng.AbstractTestNGCucumberTests"/>
      </group> <!-- cucumber -->
    </groups>
    <test name="Search Test" duration-ms="20857" started-at="2018-02-19T20:48:33Z" finished-at="2018-02-19T20:48:53Z">
      <class name="testRunner.AcceptanceTestRunner">
        <test-method status="PASS" signature="setUpClass()[pri:0, instance:testRunner.AcceptanceTestRunner@7159139f]" name="setUpClass" is-config="true" duration-ms="218" started-at="2018-02-19T23:48:33Z" finished-at="2018-02-19T23:48:33Z">
          <reporter-output>
          </reporter-output>
        </test-method> <!-- setUpClass -->
        <test-method status="PASS" signature="initializeTest()[pri:0, instance:testRunner.AcceptanceTestRunner@7159139f]" name="initializeTest" is-config="true" duration-ms="5170" started-at="2018-02-19T23:48:33Z" finished-at="2018-02-19T23:48:38Z">
          <reporter-output>
          </reporter-output>
        </test-method> <!-- initializeTest -->
        <test-method status="PASS" signature="runScenario(cucumber.api.testng.PickleEventWrapper, cucumber.api.testng.CucumberFeatureWrapper)[pri:0, instance:testRunner.AcceptanceTestRunner@7159139f]" name="runScenario" duration-ms="7853" started-at="2018-02-19T23:48:38Z" description="Runs Cucumber Scenarios" data-provider="scenarios" finished-at="2018-02-19T23:48:46Z">
          <params>
            <param index="0">
              <value>
                <![CDATA["Successful search on home page"]]>
              </value>
            </param>
            <param index="1">
              <value>
                <![CDATA["Navigation Bar Search"]]>
              </value>
            </param>
          </params>
          <reporter-output>
            <line>
              <![CDATA[<div "result">I navigate to &quot;Sony Home&quot; page on URL &quot;https:&#x2F;&#x2F;www.sony.com&#x2F;&quot; (PASSED : 4s)</div>]]>
            </line>
            <line>
              <![CDATA[<div "result">I should see &quot;Sony USA - Electronics, PlayStation, Movies, Music, Product Support&quot; title (PASSED : 0s)</div>]]>
            </line>
            <line>
              <![CDATA[<div "result">I click on searchBar (PASSED : 0s)</div>]]>
            </line>
            <line>
              <![CDATA[<div "result">I fill in searchBar with &quot;new&quot; (PASSED : 0s)</div>]]>
            </line>
            <line>
              <![CDATA[<div "result">I press &quot;RETURN&quot; key (PASSED : 2s)</div>]]>
            </line>
            <line>
              <![CDATA[<div "result">I should see &quot;Results&quot; message (PASSED : 0s)</div>]]>
            </line>
          </reporter-output>
        </test-method> <!-- runScenario -->
        <test-method status="PASS" signature="runScenario(cucumber.api.testng.PickleEventWrapper, cucumber.api.testng.CucumberFeatureWrapper)[pri:0, instance:testRunner.AcceptanceTestRunner@7159139f]" name="runScenario" duration-ms="5204" started-at="2018-02-19T23:48:46Z" description="Runs Cucumber Scenarios" data-provider="scenarios" finished-at="2018-02-19T23:48:51Z">
          <params>
            <param index="0">
              <value>
                <![CDATA["Successful search on home page"]]>
              </value>
            </param>
            <param index="1">
              <value>
                <![CDATA["Navigation Bar Search"]]>
              </value>
            </param>
          </params>
          <reporter-output>
            <line>
              <![CDATA[<div "result">I navigate to &quot;Sony Home&quot; page on URL &quot;https:&#x2F;&#x2F;www.sony.com&#x2F;&quot; (PASSED : 1s)</div>]]>
            </line>
            <line>
              <![CDATA[<div "result">I should see &quot;Sony USA - Electronics, PlayStation, Movies, Music, Product Support&quot; title (PASSED : 0s)</div>]]>
            </line>
            <line>
              <![CDATA[<div "result">I click on searchBar (PASSED : 0s)</div>]]>
            </line>
            <line>
              <![CDATA[<div "result">I fill in searchBar with &quot;mobile phone&quot; (PASSED : 0s)</div>]]>
            </line>
            <line>
              <![CDATA[<div "result">I press &quot;RETURN&quot; key (PASSED : 1s)</div>]]>
            </line>
            <line>
              <![CDATA[<div "result">I should see &quot;Results&quot; message (PASSED : 0s)</div>]]>
            </line>
          </reporter-output>
        </test-method> <!-- runScenario -->
        <test-method status="PASS" signature="cleanUp()[pri:0, instance:testRunner.AcceptanceTestRunner@7159139f]" name="cleanUp" is-config="true" duration-ms="2283" started-at="2018-02-19T23:48:51Z" finished-at="2018-02-19T23:48:53Z">
          <reporter-output>
          </reporter-output>
        </test-method> <!-- cleanUp -->
        <test-method status="PASS" signature="tearDownClass()[pri:0, instance:testRunner.AcceptanceTestRunner@7159139f]" name="tearDownClass" is-config="true" duration-ms="72" started-at="2018-02-19T23:48:53Z" finished-at="2018-02-19T23:48:53Z">
          <reporter-output>
          </reporter-output>
        </test-method> <!-- tearDownClass -->
      </class> <!-- testRunner.AcceptanceTestRunner -->
    </test> <!-- Search Test -->
  </suite> <!-- BDD Test Suite -->
</testng-results>
